#
# There is insufficient memory for the Java Runtime Environment to continue.
# Native memory allocation (mmap) failed to map 65536 bytes for Failed to commit area from 0x0000023af5f20000 to 0x0000023af5f30000 of length 65536.
# Possible reasons:
#   The system is out of physical RAM or swap space
#   The process is running with CompressedOops enabled, and the Java Heap may be blocking the growth of the native heap
# Possible solutions:
#   Reduce memory load on the system
#   Increase physical memory or swap space
#   Check if swap backing store is full
#   Decrease Java heap size (-Xmx/-Xms)
#   Decrease number of Java threads
#   Decrease Java thread stack sizes (-Xss)
#   Set larger code cache with -XX:ReservedCodeCacheSize=
# This output file may be truncated or incomplete.
#
#  Out of Memory Error (./src/hotspot/os/windows/os_windows.cpp:3301), pid=16656, tid=9612
#
# JRE version:  (11.0.11+9) (build )
# Java VM: OpenJDK 64-Bit Server VM (11.0.11+9-b60-7590822, mixed mode, sharing, tiered, compressed oops, g1 gc, windows-amd64)
# No core dump will be written. Minidumps are not enabled by default on client versions of Windows
#

---------------  S U M M A R Y ------------

Command Line: org.jetbrains.git4idea.http.GitAskPassApp Username for 'https://github.com': 

Host: Intel(R) Core(TM) i3-8100 CPU @ 3.60GHz, 4 cores, 15G,  Windows 10 , 64 bit Build 19041 (10.0.19041.1566)
Time: Tue Mar 29 20:11:20 2022 Саратов (зима) elapsed time: 0.017270 seconds (0d 0h 0m 0s)

---------------  T H R E A D  ---------------

Current thread (0x0000023af0a2c000):  JavaThread "Unknown thread" [_thread_in_vm, id=9612, stack(0x000000b623a00000,0x000000b623b00000)]

Stack: [0x000000b623a00000,0x000000b623b00000]
Native frames: (J=compiled Java code, j=interpreted, Vv=VM code, C=native code)
V  [jvm.dll+0x5f214a]
V  [jvm.dll+0x726fb5]
V  [jvm.dll+0x7285cd]
V  [jvm.dll+0x728c83]
V  [jvm.dll+0x243278]
V  [jvm.dll+0x5ef544]
V  [jvm.dll+0x5e4495]
V  [jvm.dll+0x2fec5b]
V  [jvm.dll+0x2febca]
V  [jvm.dll+0x2feaa2]
V  [jvm.dll+0x303a95]
V  [jvm.dll+0x34c3b5]
V  [jvm.dll+0x34caa6]
V  [jvm.dll+0x34c4a3]
V  [jvm.dll+0x2d9688]
V  [jvm.dll+0x2da837]
V  [jvm.dll+0x705ba7]
V  [jvm.dll+0x70739c]
V  [jvm.dll+0x3598f9]
V  [jvm.dll+0x6e931e]
V  [jvm.dll+0x3c1c43]
V  [jvm.dll+0x3c3e81]
C  [jli.dll+0x5373]
C  [ucrtbase.dll+0x21bb2]
C  [KERNEL32.DLL+0x17034]
C  [ntdll.dll+0x52651]


---------------  P R O C E S S  ---------------

Threads class SMR info:
_java_thread_list=0x0000023aee7d2360, length=0, elements={
}

Java Threads: ( => current thread )

Other Threads:
  0x0000023af0a44800 GCTaskThread "GC Thread#0" [stack: 0x000000b623b00000,0x000000b623c00000] [id=11212]
  0x0000023af0aa3800 ConcurrentGCThread "G1 Main Marker" [stack: 0x000000b623c00000,0x000000b623d00000] [id=10752]
  0x0000023af0aa6000 ConcurrentGCThread "G1 Conc#0" [stack: 0x000000b623d00000,0x000000b623e00000] [id=13432]

[error occurred during error reporting (printing all threads), id 0xc0000005, EXCEPTION_ACCESS_VIOLATION (0xc0000005) at pc=0x00007ffdcfda9c47]

VM state:not at safepoint (not fully initialized)

VM Mutex/Monitor currently owned by a thread:  ([mutex/lock_event])
[0x0000023af0a28010] Heap_lock - owner thread: 0x0000023af0a2c000

Heap address: 0x0000000700c00000, size: 4084 MB, Compressed Oops mode: Non-zero based: 0x0000000700c00000
Narrow klass base: 0x0000000000000000, Narrow klass shift: 0

GC Heap History (0 events):
No events

Deoptimization events (0 events):
No events

Classes redefined (0 events):
No events

Internal exceptions (0 events):
No events

Events (1 events):
Event: 0.007 Loaded shared library C:\Program Files\Android\Android Studio\jre\bin\zip.dll


Dynamic libraries:
0x00007ff681220000 - 0x00007ff68122a000 	C:\Program Files\Android\Android Studio\jre\bin\java.exe
0x00007ffe3f9f0000 - 0x00007ffe3fbe5000 	C:\WINDOWS\SYSTEM32\ntdll.dll
0x00007ffe3eb40000 - 0x00007ffe3ebfe000 	C:\WINDOWS\System32\KERNEL32.DLL
0x00007ffe3d5f0000 - 0x00007ffe3d8b8000 	C:\WINDOWS\System32\KERNELBASE.dll
0x00007ffe3d3f0000 - 0x00007ffe3d4f0000 	C:\WINDOWS\System32\ucrtbase.dll
0x00007ffe2f150000 - 0x00007ffe2f167000 	C:\Program Files\Android\Android Studio\jre\bin\VCRUNTIME140.dll
0x00007ffe271f0000 - 0x00007ffe27209000 	C:\Program Files\Android\Android Studio\jre\bin\jli.dll
0x00007ffe3f530000 - 0x00007ffe3f6d0000 	C:\WINDOWS\System32\USER32.dll
0x00007ffe097d0000 - 0x00007ffe09a6a000 	C:\WINDOWS\WinSxS\amd64_microsoft.windows.common-controls_6595b64144ccf1df_6.0.19041.1110_none_60b5254171f9507e\COMCTL32.dll
0x00007ffe3d9f0000 - 0x00007ffe3da12000 	C:\WINDOWS\System32\win32u.dll
0x00007ffe3f8a0000 - 0x00007ffe3f93e000 	C:\WINDOWS\System32\msvcrt.dll
0x00007ffe3f940000 - 0x00007ffe3f96b000 	C:\WINDOWS\System32\GDI32.dll
0x00007ffe3d0e0000 - 0x00007ffe3d1eb000 	C:\WINDOWS\System32\gdi32full.dll
0x00007ffe3d1f0000 - 0x00007ffe3d28d000 	C:\WINDOWS\System32\msvcp_win.dll
0x00007ffe3dd10000 - 0x00007ffe3dd40000 	C:\WINDOWS\System32\IMM32.DLL
0x00007ffe06a60000 - 0x00007ffe06afd000 	C:\Program Files\Android\Android Studio\jre\bin\msvcp140.dll
0x00007ffdcfac0000 - 0x00007ffdd0595000 	C:\Program Files\Android\Android Studio\jre\bin\server\jvm.dll
0x00007ffe3f7f0000 - 0x00007ffe3f89e000 	C:\WINDOWS\System32\ADVAPI32.dll
0x00007ffe3ec00000 - 0x00007ffe3ec9c000 	C:\WINDOWS\System32\sechost.dll
0x00007ffe3dbc0000 - 0x00007ffe3dce5000 	C:\WINDOWS\System32\RPCRT4.dll
0x00007ffe3dcf0000 - 0x00007ffe3dcf8000 	C:\WINDOWS\System32\PSAPI.DLL
0x00007ffe38a40000 - 0x00007ffe38a49000 	C:\WINDOWS\SYSTEM32\WSOCK32.dll
0x00007ffe2ee40000 - 0x00007ffe2ee67000 	C:\WINDOWS\SYSTEM32\WINMM.dll
0x00007ffe3e6a0000 - 0x00007ffe3e70b000 	C:\WINDOWS\System32\WS2_32.dll
0x00007ffe370f0000 - 0x00007ffe370fa000 	C:\WINDOWS\SYSTEM32\VERSION.dll
0x00007ffe3b9d0000 - 0x00007ffe3b9e2000 	C:\WINDOWS\SYSTEM32\kernel.appcore.dll
0x00007ffe37e00000 - 0x00007ffe37e11000 	C:\Program Files\Android\Android Studio\jre\bin\verify.dll
0x00007ffe26810000 - 0x00007ffe269f4000 	C:\WINDOWS\SYSTEM32\DBGHELP.DLL
0x00007ffe25c20000 - 0x00007ffe25c4c000 	C:\WINDOWS\SYSTEM32\dbgcore.DLL
0x00007ffe3d560000 - 0x00007ffe3d5e2000 	C:\WINDOWS\System32\bcryptPrimitives.dll
0x00007ffe37650000 - 0x00007ffe37679000 	C:\Program Files\Android\Android Studio\jre\bin\java.dll
0x00007ffe37f30000 - 0x00007ffe37f3b000 	C:\Program Files\Android\Android Studio\jre\bin\jimage.dll
0x00007ffe33ed0000 - 0x00007ffe33ee8000 	C:\Program Files\Android\Android Studio\jre\bin\zip.dll

dbghelp: loaded successfully - version: 4.0.5 - missing functions: none
symbol engine: initialized successfully - sym options: 0x614 - pdb path: .;C:\Program Files\Android\Android Studio\jre\bin;C:\WINDOWS\SYSTEM32;C:\WINDOWS\WinSxS\amd64_microsoft.windows.common-controls_6595b64144ccf1df_6.0.19041.1110_none_60b5254171f9507e;C:\Program Files\Android\Android Studio\jre\bin\server

VM Arguments:
java_command: org.jetbrains.git4idea.http.GitAskPassApp Username for 'https://github.com': 
java_class_path (initial): C:/Program Files/Android/Android Studio/plugins/git4idea/lib/git4idea-rt.jar;C:/Program Files/Android/Android Studio/lib/xmlrpc-2.0.1.jar;C:/Program Files/Android/Android Studio/lib/commons-codec-1.15.jar
Launcher Type: SUN_STANDARD

[Global flags]
     intx CICompilerCount                          = 3                                         {product} {ergonomic}
     uint ConcGCThreads                            = 1                                         {product} {ergonomic}
     uint G1ConcRefinementThreads                  = 4                                         {product} {ergonomic}
   size_t G1HeapRegionSize                         = 1048576                                   {product} {ergonomic}
    uintx GCDrainStackTargetSize                   = 64                                        {product} {ergonomic}
   size_t InitialHeapSize                          = 268435456                                 {product} {ergonomic}
   size_t MarkStackSize                            = 4194304                                   {product} {ergonomic}
   size_t MaxHeapSize                              = 4282384384                                {product} {ergonomic}
   size_t MinHeapDeltaBytes                        = 1048576                                   {product} {ergonomic}
    uintx NonNMethodCodeHeapSize                   = 5830732                                {pd product} {ergonomic}
    uintx NonProfiledCodeHeapSize                  = 122913754                              {pd product} {ergonomic}
    uintx ProfiledCodeHeapSize                     = 122913754                              {pd product} {ergonomic}
    uintx ReservedCodeCacheSize                    = 251658240                              {pd product} {ergonomic}
     bool SegmentedCodeCache                       = true                                      {product} {ergonomic}
     bool UseCompressedClassPointers               = true                                 {lp64_product} {ergonomic}
     bool UseCompressedOops                        = true                                 {lp64_product} {ergonomic}
     bool UseG1GC                                  = true                                      {product} {ergonomic}
     bool UseLargePagesIndividualAllocation        = false                                  {pd product} {ergonomic}

Logging:
Log output configuration:
 #0: stdout all=warning uptime,level,tags
 #1: stderr all=off uptime,level,tags

Environment Variables:
PATH=C:\Program Files\Git\mingw64\libexec\git-core;C:\Program Files\Git\mingw64\libexec\git-core;C:\Program Files\Git\mingw64\bin;C:\Program Files\Git\usr\bin;C:\Users\Olga\bin;C:\Python39\Scripts;C:\Python39;E:\Program Files\Java\jdk1.8.0_45\bin;C:\Program Files\Microsoft VS Code\bin;C:\Program Files\Microsoft SQL Server\Client SDK\ODBC\170\Tools\Binn;C:\Program Files (x86)\Microsoft SQL Server\150\Tools\Binn;C:\Program Files\Microsoft SQL Server\150\Tools\Binn;C:\Program Files\Microsoft SQL Server\150\DTS\Binn;C:\Program Files\Microsoft SQL Server\130\Tools\Binn;C:\Program Files\dotnet;C:\Program Files\Git\cmd;C:\Program Files\nodejs;C:\ProgramData\chocolatey\bin;C:\Program Files\Common Files\Autodesk Shared;C:\Program Files\Polyspace\R2020b\runtime\win64;C:\Program Files\Polyspace\R2020b\bin;C:\Users\Olga\AppData\Local\Microsoft\WindowsApps;C:\Users\Olga\AppData\Local\GitHubDesktop\bin;C:\Users\Olga\AppData\Local\Microsoft\WindowsApps;C:\Program Files\JetBrains\IntelliJ IDEA Community Edition 2020.2.1\bin;C:\Users\Olga\.dotnet\tools;C:\Users\Olga\AppData\Roaming\npm;C:\Windows\SysWow64
USERNAME=Olga
DISPLAY=:0.0
LC_ALL=en_US.UTF-8
OS=Windows_NT
PROCESSOR_IDENTIFIER=Intel64 Family 6 Model 158 Stepping 11, GenuineIntel



---------------  S Y S T E M  ---------------

OS: Windows 10 , 64 bit Build 19041 (10.0.19041.1566)
OS uptime: 0 days 5:19 hours

CPU:total 4 (initial active 4) (4 cores per cpu, 1 threads per core) family 6 model 158 stepping 11 microcode 0xb4, cmov, cx8, fxsr, mmx, sse, sse2, sse3, ssse3, sse4.1, sse4.2, popcnt, avx, avx2, aes, clmul, erms, 3dnowpref, lzcnt, tsc, tscinvbit, bmi1, bmi2, adx, fma

Memory: 4k page, system-wide physical 16330M (3201M free)
TotalPageFile size 16330M (AvailPageFile size 6M)
current process WorkingSet (physical memory assigned to process): 10M, peak: 10M
current process commit charge ("private bytes"): 310M, peak: 310M

vm_info: OpenJDK 64-Bit Server VM (11.0.11+9-b60-7590822) for windows-amd64 JRE (11.0.11+9-b60-7590822), built on Jul 29 2021 21:43:44 by "builder" with MS VC++ 14.0 (VS2015)

END.
